2014/11/21 6:54:10 にビルドを開始しました。
     1>ノード 2 上のプロジェクト "E:\Works\Project\PixelGirls_DungeonWitches\src\apps\myApps\pgDw\pgDw.vcxproj" (Build ターゲット)。
     1>ClCompile:
         C:\Program Files (x86)\Microsoft Visual Studio 11.0\VC\bin\CL.exe /c /I..\..\..\libs\openFrameworks /I..\..\..\libs\openFrameworks\graphics /I..\..\..\libs\openFrameworks\app /I..\..\..\libs\openFrameworks\sound /I..\..\..\libs\openFrameworks\utils /I..\..\..\libs\openFrameworks\communication /I..\..\..\libs\openFrameworks\video /I..\..\..\libs\openFrameworks\types /I..\..\..\libs\openFrameworks\math /I..\..\..\libs\openFrameworks\3d /I..\..\..\libs\openFrameworks\gl /I..\..\..\libs\openFrameworks\events /I..\..\..\libs\glut\include /I..\..\..\libs\rtAudio\include /I..\..\..\libs\quicktime\include /I..\..\..\libs\freetype\include /I..\..\..\libs\freetype\include\freetype2 /I..\..\..\libs\freeImage\include /I..\..\..\libs\fmodex\include /I..\..\..\libs\videoInput\include /I..\..\..\libs\glew\include\ /I..\..\..\libs\glu\include /I..\..\..\libs\tess2\include /I..\..\..\libs\cairo\include\cairo /I..\..\..\libs\poco\include /I..\..\..\libs\glfw\include /I..\..\..\libs\openssl\include /I..\..\..\addons /I..\..\..\addons\ofxNetwork\libs /I..\..\..\addons\ofxNetwork\src /I..\..\..\addons\ofxOsc\libs /I..\..\..\addons\ofxOsc\src /I..\..\..\addons\ofxOsc\libs\oscpack /I..\..\..\addons\ofxOsc\libs\oscpack\src /I..\..\..\addons\ofxOsc\libs\oscpack\src\ip /I..\..\..\addons\ofxOsc\libs\oscpack\src\ip\posix /I..\..\..\addons\ofxOsc\libs\oscpack\src\ip\win32 /I..\..\..\addons\ofxOsc\libs\oscpack\src\osc /I..\..\..\addons\ofxXmlSettings\libs /I..\..\..\addons\ofxXmlSettings\src /I..\..\..\addons\ofxUI\libs /I..\..\..\addons\ofxUI\src /ZI /nologo /W3 /WX- /Od /Oy- /D WIN32 /D _DEBUG /D _CONSOLE /D POCO_STATIC /D CAIRO_WIN32_STATIC_BUILD /D DISABLE_SOME_FLOATING_POINT /D _UNICODE /D UNICODE /Gm /EHsc /RTC1 /MDd /GS /fp:precise /Zc:wchar_t /Zc:forScope /Fo"obj\Debug\\" /Fd"obj\Debug\vc110.pdb" /Gd /TP /analyze- /errorReport:prompt src\main.cpp
         main.cpp
     1>e:\works\project\pixelgirls_dungeonwitches\src\apps\myapps\pgdw\src\ofapp.h : warning C4819: ファイルは、現在のコード ページ (932) で表示できない文字を含んでいます。データの損失を防ぐために、ファイルを Unicode 形式で保存してください。
     1>e:\works\project\pixelgirls_dungeonwitches\src\libs\poco\include\poco\streamconverter.h(126): warning C4250: 'Poco::InputStreamConverter' : 2 つ以上のメンバーが同じ名前を持っています。'std::basic_istream<_Elem,_Traits>::std::basic_istream<_Elem,_Traits>::_Add_vtordisp1' から継承します。
                 with
                 [
                     _Elem=char,
                     _Traits=std::char_traits<char>
                 ]
                 c:\program files (x86)\microsoft visual studio 11.0\vc\include\istream(74) : 'std::basic_istream<_Elem,_Traits>::_Add_vtordisp1' の宣言を確認してください。
                 with
                 [
                     _Elem=char,
                     _Traits=std::char_traits<char>
                 ]
     1>e:\works\project\pixelgirls_dungeonwitches\src\libs\poco\include\poco\streamconverter.h(144): warning C4250: 'Poco::OutputStreamConverter' : 2 つ以上のメンバーが同じ名前を持っています。'std::basic_ostream<_Elem,_Traits>::std::basic_ostream<_Elem,_Traits>::_Add_vtordisp2' から継承します。
                 with
                 [
                     _Elem=char,
                     _Traits=std::char_traits<char>
                 ]
                 c:\program files (x86)\microsoft visual studio 11.0\vc\include\ostream(90) : 'std::basic_ostream<_Elem,_Traits>::_Add_vtordisp2' の宣言を確認してください。
                 with
                 [
                     _Elem=char,
                     _Traits=std::char_traits<char>
                 ]
       Link:
         C:\Program Files (x86)\Microsoft Visual Studio 11.0\VC\bin\link.exe /ERRORREPORT:PROMPT /OUT:"bin\pgDw_debug.exe" /INCREMENTAL /NOLOGO /LIBPATH:..\..\..\libs\glut\lib\vs /LIBPATH:..\..\..\libs\glfw\lib\vs /LIBPATH:..\..\..\libs\rtAudio\lib\vs /LIBPATH:..\..\..\libs\FreeImage\lib\vs /LIBPATH:..\..\..\libs\freetype\lib\vs /LIBPATH:..\..\..\libs\quicktime\lib\vs /LIBPATH:..\..\..\libs\fmodex\lib\vs /LIBPATH:..\..\..\libs\videoInput\lib\vs /LIBPATH:..\..\..\libs\cairo\lib\vs /LIBPATH:..\..\..\libs\glew\lib\vs /LIBPATH:..\..\..\libs\glu\lib\vs /LIBPATH:..\..\..\libs\openssl\lib\vs /LIBPATH:..\..\..\libs\Poco\lib\vs /LIBPATH:..\..\..\libs\tess2\lib\vs "cairo-static.lib" "pixman-1.lib" msimg32.lib OpenGL32.lib GLu32.lib kernel32.lib setupapi.lib Vfw32.lib comctl32.lib glut32.lib rtAudioD.lib videoInputD.lib libfreetype.lib FreeImage.lib qtmlClient.lib dsound.lib user32.lib gdi32.lib winspool.lib comdlg32.lib advapi32.lib shell32.lib ole32.lib oleaut32.lib uuid.lib glew32s.lib fmodex_vc.lib glu32.lib ssleay32MD.lib libeay32MD.lib crypt32.lib PocoFoundationmdd.lib PocoNetmdd.lib PocoUtilmdd.lib PocoXMLmdd.lib Ws2_32.lib tess2.lib glfw3.lib kernel32.lib user32.lib gdi32.lib winspool.lib comdlg32.lib advapi32.lib shell32.lib ole32.lib oleaut32.lib uuid.lib odbc32.lib odbccp32.lib /NODEFAULTLIB:PocoFoundationmdd.lib /NODEFAULTLIB:atlthunk.lib /NODEFAULTLIB:msvcrt /NODEFAULTLIB:libcmt /NODEFAULTLIB:LIBC /NODEFAULTLIB:LIBCMTD /MANIFEST /MANIFESTUAC:"level='asInvoker' uiAccess='false'" /manifest:embed /DEBUG /PDB:"bin\pgDw_debug.pdb" /SUBSYSTEM:CONSOLE /TLBID:1 /DYNAMICBASE:NO /NXCOMPAT /IMPLIB:"bin\pgDw_debug.lib" /MACHINE:X86 /SAFESEH obj\Debug\icon.res
         obj\Debug\main.obj
         obj\Debug\ofApp.obj
         obj\Debug\ofxTCPClient.obj
         obj\Debug\ofxTCPManager.obj
         obj\Debug\ofxTCPServer.obj
         obj\Debug\ofxUDPManager.obj
         obj\Debug\ofxOscBundle.obj
         obj\Debug\ofxOscMessage.obj
         obj\Debug\ofxOscParameterSync.obj
         obj\Debug\ofxOscReceiver.obj
         obj\Debug\ofxOscSender.obj
         obj\Debug\IpEndpointName.obj
         obj\Debug\NetworkingUtils.obj
         obj\Debug\UdpSocket.obj
         obj\Debug\NetworkingUtilsWin.obj
         obj\Debug\UdpSocketWin.obj
         obj\Debug\OscOutboundPacketStream.obj
         obj\Debug\OscPrintReceivedElements.obj
         obj\Debug\OscReceivedElements.obj
         obj\Debug\OscTypes.obj
         obj\Debug\ofxXmlSettings.obj
         obj\Debug\tinyxml.obj
         obj\Debug\tinyxmlerror.obj
         obj\Debug\tinyxmlparser.obj
         E:\Works\Project\PixelGirls_DungeonWitches\src\libs\openFrameworksCompiled\lib\vs\openframeworksLib_debug.lib
     1>main.obj : warning LNK4075: /EDITANDCONTINUE は /SAFESEH の指定によって無視されます。
            ライブラリ bin\pgDw_debug.lib とオブジェクト bin\pgDw_debug.exp を作成中
     1>ofApp.obj : error LNK2019: 未解決の外部シンボル "class std::map<class std::basic_string<char,struct std::char_traits<char>,class std::allocator<char> >,class std::basic_string<char,struct std::char_traits<char>,class std::allocator<char> >,struct std::less<class std::basic_string<char,struct std::char_traits<char>,class std::allocator<char> > >,class std::allocator<struct std::pair<class std::basic_string<char,struct std::char_traits<char>,class std::allocator<char> > const ,class std::basic_string<char,struct std::char_traits<char>,class std::allocator<char> > > > > __cdecl getDirectoryFileListRecursive(class std::basic_string<char,struct std::char_traits<char>,class std::allocator<char> >)" (?getDirectoryFileListRecursive@@YA?AV?$map@V?$basic_string@DU?$char_traits@D@std@@V?$allocator@D@2@@std@@V12@U?$less@V?$basic_string@DU?$char_traits@D@std@@V?$allocator@D@2@@std@@@2@V?$allocator@U?$pair@$$CBV?$basic_string@DU?$char_traits@D@std@@V?$allocator@D@2@@std@@V12@@std@@@2@@std@@V?$basic_string@DU?$char_traits@D@std@@V?$allocator@D@2@@2@@Z) が関数 "public: virtual void __thiscall ofApp::setup(void)" (?setup@ofApp@@UAEXXZ) で参照されました。
     1>bin\pgDw_debug.exe : fatal error LNK1120: 1 件の未解決の外部参照
     1>プロジェクト "E:\Works\Project\PixelGirls_DungeonWitches\src\apps\myApps\pgDw\pgDw.vcxproj" (Build ターゲット) のビルドが終了しました -- 失敗。

ビルドに失敗しました。

経過時間 00:00:06.63
