2014/11/18 7:53:49 にビルドを開始しました。
     1>ノード 2 上のプロジェクト "E:\Works\Project\PixelGirls_DungeonWitches\src\apps\myApps\pgDw\pgDw.vcxproj" (Build ターゲット)。
     1>Link:
         pgDw.vcxproj -> E:\Works\Project\PixelGirls_DungeonWitches\src\apps\myApps\pgDw\bin\pgDw_debug.exe
       PostBuildEvent:
         xcopy /e /i /y "E:\Works\Project\PixelGirls_DungeonWitches\src\apps\myApps\pgDw\..\..\..\export\vs\*.dll" "E:\Works\Project\PixelGirls_DungeonWitches\src\apps\myApps\pgDw\bin"
         :VCEnd
         E:\Works\Project\PixelGirls_DungeonWitches\src\apps\myApps\pgDw\..\..\..\export\vs\Assimp32.dll
         E:\Works\Project\PixelGirls_DungeonWitches\src\apps\myApps\pgDw\..\..\..\export\vs\fmodex.dll
         E:\Works\Project\PixelGirls_DungeonWitches\src\apps\myApps\pgDw\..\..\..\export\vs\fmodexL.dll
         E:\Works\Project\PixelGirls_DungeonWitches\src\apps\myApps\pgDw\..\..\..\export\vs\FreeImage.dll
         E:\Works\Project\PixelGirls_DungeonWitches\src\apps\myApps\pgDw\..\..\..\export\vs\FreeType-6.dll
         E:\Works\Project\PixelGirls_DungeonWitches\src\apps\myApps\pgDw\..\..\..\export\vs\glut32.dll
         E:\Works\Project\PixelGirls_DungeonWitches\src\apps\myApps\pgDw\..\..\..\export\vs\libeay32.dll
         E:\Works\Project\PixelGirls_DungeonWitches\src\apps\myApps\pgDw\..\..\..\export\vs\ssleay32.dll
         E:\Works\Project\PixelGirls_DungeonWitches\src\apps\myApps\pgDw\..\..\..\export\vs\Zlib.dll
         9 個のファイルをコピーしました
     1>プロジェクト "E:\Works\Project\PixelGirls_DungeonWitches\src\apps\myApps\pgDw\pgDw.vcxproj" (Build ターゲット) のビルドが完了しました。

ビルドに成功しました。

経過時間 00:00:00.12
