E:\WORKS\PROJECT\PIXELGIRLS_DUNGEONWITCHES\SRC\APPS\MYAPPS\PGDW\OBJ\DEBUG\OFXTCPSERVER.OBJ
E:\WORKS\PROJECT\PIXELGIRLS_DUNGEONWITCHES\SRC\APPS\MYAPPS\PGDW\OBJ\DEBUG\OFXUDPMANAGER.OBJ
E:\WORKS\PROJECT\PIXELGIRLS_DUNGEONWITCHES\SRC\APPS\MYAPPS\PGDW\OBJ\DEBUG\OFXOSCBUNDLE.OBJ
E:\WORKS\PROJECT\PIXELGIRLS_DUNGEONWITCHES\SRC\APPS\MYAPPS\PGDW\OBJ\DEBUG\OFXOSCMESSAGE.OBJ
E:\WORKS\PROJECT\PIXELGIRLS_DUNGEONWITCHES\SRC\APPS\MYAPPS\PGDW\OBJ\DEBUG\OFXOSCPARAMETERSYNC.OBJ
E:\WORKS\PROJECT\PIXELGIRLS_DUNGEONWITCHES\SRC\APPS\MYAPPS\PGDW\OBJ\DEBUG\OFXOSCRECEIVER.OBJ
E:\WORKS\PROJECT\PIXELGIRLS_DUNGEONWITCHES\SRC\APPS\MYAPPS\PGDW\OBJ\DEBUG\OFXOSCSENDER.OBJ
E:\WORKS\PROJECT\PIXELGIRLS_DUNGEONWITCHES\SRC\APPS\MYAPPS\PGDW\OBJ\DEBUG\IPENDPOINTNAME.OBJ
E:\WORKS\PROJECT\PIXELGIRLS_DUNGEONWITCHES\SRC\APPS\MYAPPS\PGDW\OBJ\DEBUG\NETWORKINGUTILS.OBJ
E:\WORKS\PROJECT\PIXELGIRLS_DUNGEONWITCHES\SRC\APPS\MYAPPS\PGDW\OBJ\DEBUG\UDPSOCKET.OBJ
E:\WORKS\PROJECT\PIXELGIRLS_DUNGEONWITCHES\SRC\APPS\MYAPPS\PGDW\OBJ\DEBUG\NETWORKINGUTILSWIN.OBJ
E:\WORKS\PROJECT\PIXELGIRLS_DUNGEONWITCHES\SRC\APPS\MYAPPS\PGDW\OBJ\DEBUG\UDPSOCKETWIN.OBJ
E:\WORKS\PROJECT\PIXELGIRLS_DUNGEONWITCHES\SRC\APPS\MYAPPS\PGDW\OBJ\DEBUG\OSCOUTBOUNDPACKETSTREAM.OBJ
E:\WORKS\PROJECT\PIXELGIRLS_DUNGEONWITCHES\SRC\APPS\MYAPPS\PGDW\OBJ\DEBUG\OSCPRINTRECEIVEDELEMENTS.OBJ
E:\WORKS\PROJECT\PIXELGIRLS_DUNGEONWITCHES\SRC\APPS\MYAPPS\PGDW\OBJ\DEBUG\OSCRECEIVEDELEMENTS.OBJ
E:\WORKS\PROJECT\PIXELGIRLS_DUNGEONWITCHES\SRC\APPS\MYAPPS\PGDW\OBJ\DEBUG\OSCTYPES.OBJ
E:\WORKS\PROJECT\PIXELGIRLS_DUNGEONWITCHES\SRC\APPS\MYAPPS\PGDW\OBJ\DEBUG\OFXXMLSETTINGS.OBJ
E:\WORKS\PROJECT\PIXELGIRLS_DUNGEONWITCHES\SRC\APPS\MYAPPS\PGDW\OBJ\DEBUG\TINYXML.OBJ
E:\WORKS\PROJECT\PIXELGIRLS_DUNGEONWITCHES\SRC\APPS\MYAPPS\PGDW\OBJ\DEBUG\TINYXMLERROR.OBJ
E:\WORKS\PROJECT\PIXELGIRLS_DUNGEONWITCHES\SRC\APPS\MYAPPS\PGDW\OBJ\DEBUG\TINYXMLPARSER.OBJ
E:\WORKS\PROJECT\PIXELGIRLS_DUNGEONWITCHES\SRC\APPS\MYAPPS\PGDW\OBJ\DEBUG\MAIN.OBJ
E:\WORKS\PROJECT\PIXELGIRLS_DUNGEONWITCHES\SRC\APPS\MYAPPS\PGDW\OBJ\DEBUG\OFAPP.OBJ
E:\WORKS\PROJECT\PIXELGIRLS_DUNGEONWITCHES\SRC\APPS\MYAPPS\PGDW\OBJ\DEBUG\OFXTCPCLIENT.OBJ
E:\WORKS\PROJECT\PIXELGIRLS_DUNGEONWITCHES\SRC\APPS\MYAPPS\PGDW\OBJ\DEBUG\OFXTCPMANAGER.OBJ
E:\WORKS\PROJECT\PIXELGIRLS_DUNGEONWITCHES\SRC\APPS\MYAPPS\PGDW\OBJ\DEBUG\VC110.PDB
E:\WORKS\PROJECT\PIXELGIRLS_DUNGEONWITCHES\SRC\APPS\MYAPPS\PGDW\OBJ\DEBUG\ICON.RES
E:\Works\Project\PixelGirls_DungeonWitches\src\apps\myApps\pgDw\obj\Debug\pgDw.vcxprojResolveAssemblyReference.cache
E:\Works\Project\PixelGirls_DungeonWitches\src\apps\myApps\pgDw\obj\Debug\IpEndpointName.obj
E:\Works\Project\PixelGirls_DungeonWitches\src\apps\myApps\pgDw\obj\Debug\main.obj
E:\Works\Project\PixelGirls_DungeonWitches\src\apps\myApps\pgDw\obj\Debug\NetworkingUtils.obj
E:\Works\Project\PixelGirls_DungeonWitches\src\apps\myApps\pgDw\obj\Debug\NetworkingUtilsWin.obj
E:\Works\Project\PixelGirls_DungeonWitches\src\apps\myApps\pgDw\obj\Debug\ofApp.obj
E:\Works\Project\PixelGirls_DungeonWitches\src\apps\myApps\pgDw\obj\Debug\ofxOscBundle.obj
E:\Works\Project\PixelGirls_DungeonWitches\src\apps\myApps\pgDw\obj\Debug\ofxOscMessage.obj
E:\Works\Project\PixelGirls_DungeonWitches\src\apps\myApps\pgDw\obj\Debug\ofxOscParameterSync.obj
E:\Works\Project\PixelGirls_DungeonWitches\src\apps\myApps\pgDw\obj\Debug\ofxOscReceiver.obj
E:\Works\Project\PixelGirls_DungeonWitches\src\apps\myApps\pgDw\obj\Debug\ofxOscSender.obj
E:\Works\Project\PixelGirls_DungeonWitches\src\apps\myApps\pgDw\obj\Debug\ofxTCPClient.obj
E:\Works\Project\PixelGirls_DungeonWitches\src\apps\myApps\pgDw\obj\Debug\ofxTCPManager.obj
E:\Works\Project\PixelGirls_DungeonWitches\src\apps\myApps\pgDw\obj\Debug\ofxTCPServer.obj
E:\Works\Project\PixelGirls_DungeonWitches\src\apps\myApps\pgDw\obj\Debug\ofxUDPManager.obj
E:\Works\Project\PixelGirls_DungeonWitches\src\apps\myApps\pgDw\obj\Debug\ofxXmlSettings.obj
E:\Works\Project\PixelGirls_DungeonWitches\src\apps\myApps\pgDw\obj\Debug\OscOutboundPacketStream.obj
E:\Works\Project\PixelGirls_DungeonWitches\src\apps\myApps\pgDw\obj\Debug\OscPrintReceivedElements.obj
E:\Works\Project\PixelGirls_DungeonWitches\src\apps\myApps\pgDw\obj\Debug\OscReceivedElements.obj
E:\Works\Project\PixelGirls_DungeonWitches\src\apps\myApps\pgDw\obj\Debug\OscTypes.obj
E:\Works\Project\PixelGirls_DungeonWitches\src\apps\myApps\pgDw\obj\Debug\tinyxml.obj
E:\Works\Project\PixelGirls_DungeonWitches\src\apps\myApps\pgDw\obj\Debug\tinyxmlerror.obj
E:\Works\Project\PixelGirls_DungeonWitches\src\apps\myApps\pgDw\obj\Debug\tinyxmlparser.obj
E:\Works\Project\PixelGirls_DungeonWitches\src\apps\myApps\pgDw\obj\Debug\UdpSocket.obj
E:\Works\Project\PixelGirls_DungeonWitches\src\apps\myApps\pgDw\obj\Debug\UdpSocketWin.obj
E:\Works\Project\PixelGirls_DungeonWitches\src\apps\myApps\pgDw\obj\Debug\cl.command.1.tlog
E:\Works\Project\PixelGirls_DungeonWitches\src\apps\myApps\pgDw\obj\Debug\CL.read.1.tlog
E:\Works\Project\PixelGirls_DungeonWitches\src\apps\myApps\pgDw\obj\Debug\CL.write.1.tlog
E:\Works\Project\PixelGirls_DungeonWitches\src\apps\myApps\pgDw\obj\Debug\link-cvtres.read.1.tlog
E:\Works\Project\PixelGirls_DungeonWitches\src\apps\myApps\pgDw\obj\Debug\link-cvtres.write.1.tlog
E:\Works\Project\PixelGirls_DungeonWitches\src\apps\myApps\pgDw\obj\Debug\link-rc.read.1.tlog
E:\Works\Project\PixelGirls_DungeonWitches\src\apps\myApps\pgDw\obj\Debug\link-rc.write.1.tlog
E:\Works\Project\PixelGirls_DungeonWitches\src\apps\myApps\pgDw\obj\Debug\link.command.1.tlog
E:\Works\Project\PixelGirls_DungeonWitches\src\apps\myApps\pgDw\obj\Debug\link.read.1.tlog
E:\Works\Project\PixelGirls_DungeonWitches\src\apps\myApps\pgDw\obj\Debug\link.write.1.tlog
E:\Works\Project\PixelGirls_DungeonWitches\src\apps\myApps\pgDw\obj\Debug\rc.command.1.tlog
E:\Works\Project\PixelGirls_DungeonWitches\src\apps\myApps\pgDw\obj\Debug\rc.read.1.tlog
E:\Works\Project\PixelGirls_DungeonWitches\src\apps\myApps\pgDw\obj\Debug\rc.write.1.tlog
E:\Works\Project\PixelGirls_DungeonWitches\src\apps\myApps\pgDw\obj\Debug\icon.res
E:\Works\Project\PixelGirls_DungeonWitches\src\apps\myApps\pgDw\obj\Debug\vc110.idb
E:\Works\Project\PixelGirls_DungeonWitches\src\apps\myApps\pgDw\obj\Debug\vc110.pdb
