  ofApp.cpp
e:\works\project\pixelgirls_dungeonwitches\src\libs\poco\include\poco\streamconverter.h(126): warning C4250: 'Poco::InputStreamConverter' : 2 つ以上のメンバーが同じ名前を持っています。'std::basic_istream<_Elem,_Traits>::std::basic_istream<_Elem,_Traits>::_Add_vtordisp1' から継承します。
          with
          [
              _Elem=char,
              _Traits=std::char_traits<char>
          ]
          c:\program files (x86)\microsoft visual studio 11.0\vc\include\istream(74) : 'std::basic_istream<_Elem,_Traits>::_Add_vtordisp1' の宣言を確認してください。
          with
          [
              _Elem=char,
              _Traits=std::char_traits<char>
          ]
e:\works\project\pixelgirls_dungeonwitches\src\libs\poco\include\poco\streamconverter.h(144): warning C4250: 'Poco::OutputStreamConverter' : 2 つ以上のメンバーが同じ名前を持っています。'std::basic_ostream<_Elem,_Traits>::std::basic_ostream<_Elem,_Traits>::_Add_vtordisp2' から継承します。
          with
          [
              _Elem=char,
              _Traits=std::char_traits<char>
          ]
          c:\program files (x86)\microsoft visual studio 11.0\vc\include\ostream(90) : 'std::basic_ostream<_Elem,_Traits>::_Add_vtordisp2' の宣言を確認してください。
          with
          [
              _Elem=char,
              _Traits=std::char_traits<char>
          ]
  mySketch.vcxproj -> E:\Works\Project\PixelGirls_DungeonWitches\src\apps\myApps\mySketch\bin\mySketch_debug.exe
  E:\Works\Project\PixelGirls_DungeonWitches\src\apps\myApps\mySketch\..\..\..\export\vs\Assimp32.dll
  E:\Works\Project\PixelGirls_DungeonWitches\src\apps\myApps\mySketch\..\..\..\export\vs\fmodex.dll
  E:\Works\Project\PixelGirls_DungeonWitches\src\apps\myApps\mySketch\..\..\..\export\vs\fmodexL.dll
  E:\Works\Project\PixelGirls_DungeonWitches\src\apps\myApps\mySketch\..\..\..\export\vs\FreeImage.dll
  E:\Works\Project\PixelGirls_DungeonWitches\src\apps\myApps\mySketch\..\..\..\export\vs\FreeType-6.dll
  E:\Works\Project\PixelGirls_DungeonWitches\src\apps\myApps\mySketch\..\..\..\export\vs\glut32.dll
  E:\Works\Project\PixelGirls_DungeonWitches\src\apps\myApps\mySketch\..\..\..\export\vs\libeay32.dll
  E:\Works\Project\PixelGirls_DungeonWitches\src\apps\myApps\mySketch\..\..\..\export\vs\ssleay32.dll
  E:\Works\Project\PixelGirls_DungeonWitches\src\apps\myApps\mySketch\..\..\..\export\vs\Zlib.dll
  9 個のファイルをコピーしました
