E:\WORKS\PROJECT\PIXELGIRLS_DUNGEONWITCHES\LPNG1614\PROJECTS\VSTUDIO\DEBUG LIBRARY\LIBPNG16.BSC
E:\WORKS\PROJECT\PIXELGIRLS_DUNGEONWITCHES\LPNG1614\PROJECTS\VSTUDIO\LIBPNG\DEBUG LIBRARY\LIBPNG16.PCH
E:\WORKS\PROJECT\PIXELGIRLS_DUNGEONWITCHES\LPNG1614\PROJECTS\VSTUDIO\LIBPNG\DEBUG LIBRARY\PNG.SBR
E:\WORKS\PROJECT\PIXELGIRLS_DUNGEONWITCHES\LPNG1614\PROJECTS\VSTUDIO\LIBPNG\DEBUG LIBRARY\PNG.OBJ
E:\WORKS\PROJECT\PIXELGIRLS_DUNGEONWITCHES\LPNG1614\PROJECTS\VSTUDIO\LIBPNG\DEBUG LIBRARY\VC110.PDB
E:\WORKS\PROJECT\PIXELGIRLS_DUNGEONWITCHES\LPNG1614\PROJECTS\VSTUDIO\LIBPNG\DEBUG LIBRARY\PNGERROR.SBR
E:\WORKS\PROJECT\PIXELGIRLS_DUNGEONWITCHES\LPNG1614\PROJECTS\VSTUDIO\LIBPNG\DEBUG LIBRARY\PNGGET.SBR
E:\WORKS\PROJECT\PIXELGIRLS_DUNGEONWITCHES\LPNG1614\PROJECTS\VSTUDIO\LIBPNG\DEBUG LIBRARY\PNGMEM.SBR
E:\WORKS\PROJECT\PIXELGIRLS_DUNGEONWITCHES\LPNG1614\PROJECTS\VSTUDIO\LIBPNG\DEBUG LIBRARY\PNGPREAD.SBR
E:\WORKS\PROJECT\PIXELGIRLS_DUNGEONWITCHES\LPNG1614\PROJECTS\VSTUDIO\LIBPNG\DEBUG LIBRARY\PNGREAD.SBR
E:\WORKS\PROJECT\PIXELGIRLS_DUNGEONWITCHES\LPNG1614\PROJECTS\VSTUDIO\LIBPNG\DEBUG LIBRARY\PNGRIO.SBR
E:\WORKS\PROJECT\PIXELGIRLS_DUNGEONWITCHES\LPNG1614\PROJECTS\VSTUDIO\LIBPNG\DEBUG LIBRARY\PNGRTRAN.SBR
E:\WORKS\PROJECT\PIXELGIRLS_DUNGEONWITCHES\LPNG1614\PROJECTS\VSTUDIO\LIBPNG\DEBUG LIBRARY\PNGRUTIL.SBR
E:\WORKS\PROJECT\PIXELGIRLS_DUNGEONWITCHES\LPNG1614\PROJECTS\VSTUDIO\LIBPNG\DEBUG LIBRARY\PNGSET.SBR
E:\WORKS\PROJECT\PIXELGIRLS_DUNGEONWITCHES\LPNG1614\PROJECTS\VSTUDIO\LIBPNG\DEBUG LIBRARY\PNGTRANS.SBR
E:\WORKS\PROJECT\PIXELGIRLS_DUNGEONWITCHES\LPNG1614\PROJECTS\VSTUDIO\LIBPNG\DEBUG LIBRARY\PNGWIO.SBR
E:\WORKS\PROJECT\PIXELGIRLS_DUNGEONWITCHES\LPNG1614\PROJECTS\VSTUDIO\LIBPNG\DEBUG LIBRARY\PNGWRITE.SBR
E:\WORKS\PROJECT\PIXELGIRLS_DUNGEONWITCHES\LPNG1614\PROJECTS\VSTUDIO\LIBPNG\DEBUG LIBRARY\PNGWTRAN.SBR
E:\WORKS\PROJECT\PIXELGIRLS_DUNGEONWITCHES\LPNG1614\PROJECTS\VSTUDIO\LIBPNG\DEBUG LIBRARY\PNGWUTIL.SBR
E:\WORKS\PROJECT\PIXELGIRLS_DUNGEONWITCHES\LPNG1614\PROJECTS\VSTUDIO\LIBPNG\DEBUG LIBRARY\PNGWUTIL.OBJ
E:\WORKS\PROJECT\PIXELGIRLS_DUNGEONWITCHES\LPNG1614\PROJECTS\VSTUDIO\LIBPNG\DEBUG LIBRARY\PNGWTRAN.OBJ
E:\WORKS\PROJECT\PIXELGIRLS_DUNGEONWITCHES\LPNG1614\PROJECTS\VSTUDIO\LIBPNG\DEBUG LIBRARY\PNGWRITE.OBJ
E:\WORKS\PROJECT\PIXELGIRLS_DUNGEONWITCHES\LPNG1614\PROJECTS\VSTUDIO\LIBPNG\DEBUG LIBRARY\PNGWIO.OBJ
E:\WORKS\PROJECT\PIXELGIRLS_DUNGEONWITCHES\LPNG1614\PROJECTS\VSTUDIO\LIBPNG\DEBUG LIBRARY\PNGTRANS.OBJ
E:\WORKS\PROJECT\PIXELGIRLS_DUNGEONWITCHES\LPNG1614\PROJECTS\VSTUDIO\LIBPNG\DEBUG LIBRARY\PNGSET.OBJ
E:\WORKS\PROJECT\PIXELGIRLS_DUNGEONWITCHES\LPNG1614\PROJECTS\VSTUDIO\LIBPNG\DEBUG LIBRARY\PNGRUTIL.OBJ
E:\WORKS\PROJECT\PIXELGIRLS_DUNGEONWITCHES\LPNG1614\PROJECTS\VSTUDIO\LIBPNG\DEBUG LIBRARY\PNGRTRAN.OBJ
E:\WORKS\PROJECT\PIXELGIRLS_DUNGEONWITCHES\LPNG1614\PROJECTS\VSTUDIO\LIBPNG\DEBUG LIBRARY\PNGRIO.OBJ
E:\WORKS\PROJECT\PIXELGIRLS_DUNGEONWITCHES\LPNG1614\PROJECTS\VSTUDIO\LIBPNG\DEBUG LIBRARY\PNGREAD.OBJ
E:\WORKS\PROJECT\PIXELGIRLS_DUNGEONWITCHES\LPNG1614\PROJECTS\VSTUDIO\LIBPNG\DEBUG LIBRARY\PNGPREAD.OBJ
E:\WORKS\PROJECT\PIXELGIRLS_DUNGEONWITCHES\LPNG1614\PROJECTS\VSTUDIO\LIBPNG\DEBUG LIBRARY\PNGMEM.OBJ
E:\WORKS\PROJECT\PIXELGIRLS_DUNGEONWITCHES\LPNG1614\PROJECTS\VSTUDIO\LIBPNG\DEBUG LIBRARY\PNGGET.OBJ
E:\WORKS\PROJECT\PIXELGIRLS_DUNGEONWITCHES\LPNG1614\PROJECTS\VSTUDIO\LIBPNG\DEBUG LIBRARY\PNGERROR.OBJ
E:\WORKS\PROJECT\PIXELGIRLS_DUNGEONWITCHES\LPNG1614\PROJECTS\VSTUDIO\DEBUG LIBRARY\LIBPNG16.LIB
E:\Works\Project\PixelGirls_DungeonWitches\lpng1614\projects\vstudio\libpng\Debug Library\png.obj
E:\Works\Project\PixelGirls_DungeonWitches\lpng1614\projects\vstudio\libpng\Debug Library\pngerror.obj
E:\Works\Project\PixelGirls_DungeonWitches\lpng1614\projects\vstudio\libpng\Debug Library\pngget.obj
E:\Works\Project\PixelGirls_DungeonWitches\lpng1614\projects\vstudio\libpng\Debug Library\pngmem.obj
E:\Works\Project\PixelGirls_DungeonWitches\lpng1614\projects\vstudio\libpng\Debug Library\pngpread.obj
E:\Works\Project\PixelGirls_DungeonWitches\lpng1614\projects\vstudio\libpng\Debug Library\pngread.obj
E:\Works\Project\PixelGirls_DungeonWitches\lpng1614\projects\vstudio\libpng\Debug Library\pngrio.obj
E:\Works\Project\PixelGirls_DungeonWitches\lpng1614\projects\vstudio\libpng\Debug Library\pngrtran.obj
E:\Works\Project\PixelGirls_DungeonWitches\lpng1614\projects\vstudio\libpng\Debug Library\pngrutil.obj
E:\Works\Project\PixelGirls_DungeonWitches\lpng1614\projects\vstudio\libpng\Debug Library\pngset.obj
E:\Works\Project\PixelGirls_DungeonWitches\lpng1614\projects\vstudio\libpng\Debug Library\pngtrans.obj
E:\Works\Project\PixelGirls_DungeonWitches\lpng1614\projects\vstudio\libpng\Debug Library\pngwio.obj
E:\Works\Project\PixelGirls_DungeonWitches\lpng1614\projects\vstudio\libpng\Debug Library\pngwrite.obj
E:\Works\Project\PixelGirls_DungeonWitches\lpng1614\projects\vstudio\libpng\Debug Library\pngwtran.obj
E:\Works\Project\PixelGirls_DungeonWitches\lpng1614\projects\vstudio\libpng\Debug Library\pngwutil.obj
E:\Works\Project\PixelGirls_DungeonWitches\lpng1614\projects\vstudio\libpng\Debug Library\BscMake.command.1.tlog
E:\Works\Project\PixelGirls_DungeonWitches\lpng1614\projects\vstudio\libpng\Debug Library\bscmake.read.1.tlog
E:\Works\Project\PixelGirls_DungeonWitches\lpng1614\projects\vstudio\libpng\Debug Library\bscmake.write.1.tlog
E:\Works\Project\PixelGirls_DungeonWitches\lpng1614\projects\vstudio\libpng\Debug Library\cl.command.1.tlog
E:\Works\Project\PixelGirls_DungeonWitches\lpng1614\projects\vstudio\libpng\Debug Library\CL.read.1.tlog
E:\Works\Project\PixelGirls_DungeonWitches\lpng1614\projects\vstudio\libpng\Debug Library\CL.write.1.tlog
E:\Works\Project\PixelGirls_DungeonWitches\lpng1614\projects\vstudio\libpng\Debug Library\Lib-link.read.1.tlog
E:\Works\Project\PixelGirls_DungeonWitches\lpng1614\projects\vstudio\libpng\Debug Library\Lib-link.write.1.tlog
E:\Works\Project\PixelGirls_DungeonWitches\lpng1614\projects\vstudio\libpng\Debug Library\lib.command.1.tlog
E:\Works\Project\PixelGirls_DungeonWitches\lpng1614\projects\vstudio\libpng\Debug Library\libpng16.pch
E:\Works\Project\PixelGirls_DungeonWitches\lpng1614\projects\vstudio\libpng\Debug Library\vc110.pdb
E:\Works\Project\PixelGirls_DungeonWitches\lpng1614\projects\vstudio\libpng\Debug Library\png.sbr
E:\Works\Project\PixelGirls_DungeonWitches\lpng1614\projects\vstudio\libpng\Debug Library\pngerror.sbr
E:\Works\Project\PixelGirls_DungeonWitches\lpng1614\projects\vstudio\libpng\Debug Library\pngget.sbr
E:\Works\Project\PixelGirls_DungeonWitches\lpng1614\projects\vstudio\libpng\Debug Library\pngmem.sbr
E:\Works\Project\PixelGirls_DungeonWitches\lpng1614\projects\vstudio\libpng\Debug Library\pngpread.sbr
E:\Works\Project\PixelGirls_DungeonWitches\lpng1614\projects\vstudio\libpng\Debug Library\pngread.sbr
E:\Works\Project\PixelGirls_DungeonWitches\lpng1614\projects\vstudio\libpng\Debug Library\pngrio.sbr
E:\Works\Project\PixelGirls_DungeonWitches\lpng1614\projects\vstudio\libpng\Debug Library\pngrtran.sbr
E:\Works\Project\PixelGirls_DungeonWitches\lpng1614\projects\vstudio\libpng\Debug Library\pngrutil.sbr
E:\Works\Project\PixelGirls_DungeonWitches\lpng1614\projects\vstudio\libpng\Debug Library\pngset.sbr
E:\Works\Project\PixelGirls_DungeonWitches\lpng1614\projects\vstudio\libpng\Debug Library\pngtrans.sbr
E:\Works\Project\PixelGirls_DungeonWitches\lpng1614\projects\vstudio\libpng\Debug Library\pngwio.sbr
E:\Works\Project\PixelGirls_DungeonWitches\lpng1614\projects\vstudio\libpng\Debug Library\pngwrite.sbr
E:\Works\Project\PixelGirls_DungeonWitches\lpng1614\projects\vstudio\libpng\Debug Library\pngwtran.sbr
E:\Works\Project\PixelGirls_DungeonWitches\lpng1614\projects\vstudio\libpng\Debug Library\pngwutil.sbr
E:\Works\Project\PixelGirls_DungeonWitches\lpng1614\projects\vstudio\Debug Library\libpng16.lib
E:\Works\Project\PixelGirls_DungeonWitches\lpng1614\projects\vstudio\Debug Library\libpng16.bsc
