E:\WORKS\PROJECT\PIXELGIRLS_DUNGEONWITCHES\LPNG1614\PROJECTS\VSTUDIO\DEBUG LIBRARY\ZLIB.BSC
E:\WORKS\PROJECT\PIXELGIRLS_DUNGEONWITCHES\LPNG1614\PROJECTS\VSTUDIO\ZLIB\DEBUG LIBRARY\ADLER32.SBR
E:\WORKS\PROJECT\PIXELGIRLS_DUNGEONWITCHES\LPNG1614\PROJECTS\VSTUDIO\ZLIB\DEBUG LIBRARY\COMPRESS.SBR
E:\WORKS\PROJECT\PIXELGIRLS_DUNGEONWITCHES\LPNG1614\PROJECTS\VSTUDIO\ZLIB\DEBUG LIBRARY\CRC32.SBR
E:\WORKS\PROJECT\PIXELGIRLS_DUNGEONWITCHES\LPNG1614\PROJECTS\VSTUDIO\ZLIB\DEBUG LIBRARY\DEFLATE.SBR
E:\WORKS\PROJECT\PIXELGIRLS_DUNGEONWITCHES\LPNG1614\PROJECTS\VSTUDIO\ZLIB\DEBUG LIBRARY\INFBACK.SBR
E:\WORKS\PROJECT\PIXELGIRLS_DUNGEONWITCHES\LPNG1614\PROJECTS\VSTUDIO\ZLIB\DEBUG LIBRARY\INFFAST.SBR
E:\WORKS\PROJECT\PIXELGIRLS_DUNGEONWITCHES\LPNG1614\PROJECTS\VSTUDIO\ZLIB\DEBUG LIBRARY\INFLATE.SBR
E:\WORKS\PROJECT\PIXELGIRLS_DUNGEONWITCHES\LPNG1614\PROJECTS\VSTUDIO\ZLIB\DEBUG LIBRARY\INFTREES.SBR
E:\WORKS\PROJECT\PIXELGIRLS_DUNGEONWITCHES\LPNG1614\PROJECTS\VSTUDIO\ZLIB\DEBUG LIBRARY\TREES.SBR
E:\WORKS\PROJECT\PIXELGIRLS_DUNGEONWITCHES\LPNG1614\PROJECTS\VSTUDIO\ZLIB\DEBUG LIBRARY\UNCOMPR.SBR
E:\WORKS\PROJECT\PIXELGIRLS_DUNGEONWITCHES\LPNG1614\PROJECTS\VSTUDIO\ZLIB\DEBUG LIBRARY\ZUTIL.SBR
E:\WORKS\PROJECT\PIXELGIRLS_DUNGEONWITCHES\LPNG1614\PROJECTS\VSTUDIO\ZLIB\DEBUG LIBRARY\ZUTIL.OBJ
E:\WORKS\PROJECT\PIXELGIRLS_DUNGEONWITCHES\LPNG1614\PROJECTS\VSTUDIO\ZLIB\DEBUG LIBRARY\UNCOMPR.OBJ
E:\WORKS\PROJECT\PIXELGIRLS_DUNGEONWITCHES\LPNG1614\PROJECTS\VSTUDIO\ZLIB\DEBUG LIBRARY\TREES.OBJ
E:\WORKS\PROJECT\PIXELGIRLS_DUNGEONWITCHES\LPNG1614\PROJECTS\VSTUDIO\ZLIB\DEBUG LIBRARY\INFTREES.OBJ
E:\WORKS\PROJECT\PIXELGIRLS_DUNGEONWITCHES\LPNG1614\PROJECTS\VSTUDIO\ZLIB\DEBUG LIBRARY\INFLATE.OBJ
E:\WORKS\PROJECT\PIXELGIRLS_DUNGEONWITCHES\LPNG1614\PROJECTS\VSTUDIO\ZLIB\DEBUG LIBRARY\INFFAST.OBJ
E:\WORKS\PROJECT\PIXELGIRLS_DUNGEONWITCHES\LPNG1614\PROJECTS\VSTUDIO\ZLIB\DEBUG LIBRARY\INFBACK.OBJ
E:\WORKS\PROJECT\PIXELGIRLS_DUNGEONWITCHES\LPNG1614\PROJECTS\VSTUDIO\ZLIB\DEBUG LIBRARY\DEFLATE.OBJ
E:\WORKS\PROJECT\PIXELGIRLS_DUNGEONWITCHES\LPNG1614\PROJECTS\VSTUDIO\ZLIB\DEBUG LIBRARY\CRC32.OBJ
E:\WORKS\PROJECT\PIXELGIRLS_DUNGEONWITCHES\LPNG1614\PROJECTS\VSTUDIO\ZLIB\DEBUG LIBRARY\COMPRESS.OBJ
E:\WORKS\PROJECT\PIXELGIRLS_DUNGEONWITCHES\LPNG1614\PROJECTS\VSTUDIO\ZLIB\DEBUG LIBRARY\ADLER32.OBJ
E:\WORKS\PROJECT\PIXELGIRLS_DUNGEONWITCHES\LPNG1614\PROJECTS\VSTUDIO\ZLIB\DEBUG LIBRARY\VC110.PDB
E:\WORKS\PROJECT\PIXELGIRLS_DUNGEONWITCHES\LPNG1614\PROJECTS\VSTUDIO\DEBUG LIBRARY\ZLIB.LIB
E:\Works\Project\PixelGirls_DungeonWitches\lpng1614\projects\vstudio\zlib\Debug Library\adler32.obj
E:\Works\Project\PixelGirls_DungeonWitches\lpng1614\projects\vstudio\zlib\Debug Library\compress.obj
E:\Works\Project\PixelGirls_DungeonWitches\lpng1614\projects\vstudio\zlib\Debug Library\crc32.obj
E:\Works\Project\PixelGirls_DungeonWitches\lpng1614\projects\vstudio\zlib\Debug Library\deflate.obj
E:\Works\Project\PixelGirls_DungeonWitches\lpng1614\projects\vstudio\zlib\Debug Library\infback.obj
E:\Works\Project\PixelGirls_DungeonWitches\lpng1614\projects\vstudio\zlib\Debug Library\inffast.obj
E:\Works\Project\PixelGirls_DungeonWitches\lpng1614\projects\vstudio\zlib\Debug Library\inflate.obj
E:\Works\Project\PixelGirls_DungeonWitches\lpng1614\projects\vstudio\zlib\Debug Library\inftrees.obj
E:\Works\Project\PixelGirls_DungeonWitches\lpng1614\projects\vstudio\zlib\Debug Library\trees.obj
E:\Works\Project\PixelGirls_DungeonWitches\lpng1614\projects\vstudio\zlib\Debug Library\uncompr.obj
E:\Works\Project\PixelGirls_DungeonWitches\lpng1614\projects\vstudio\zlib\Debug Library\zutil.obj
E:\Works\Project\PixelGirls_DungeonWitches\lpng1614\projects\vstudio\zlib\Debug Library\BscMake.command.1.tlog
E:\Works\Project\PixelGirls_DungeonWitches\lpng1614\projects\vstudio\zlib\Debug Library\bscmake.read.1.tlog
E:\Works\Project\PixelGirls_DungeonWitches\lpng1614\projects\vstudio\zlib\Debug Library\bscmake.write.1.tlog
E:\Works\Project\PixelGirls_DungeonWitches\lpng1614\projects\vstudio\zlib\Debug Library\cl.command.1.tlog
E:\Works\Project\PixelGirls_DungeonWitches\lpng1614\projects\vstudio\zlib\Debug Library\CL.read.1.tlog
E:\Works\Project\PixelGirls_DungeonWitches\lpng1614\projects\vstudio\zlib\Debug Library\CL.write.1.tlog
E:\Works\Project\PixelGirls_DungeonWitches\lpng1614\projects\vstudio\zlib\Debug Library\Lib-link.read.1.tlog
E:\Works\Project\PixelGirls_DungeonWitches\lpng1614\projects\vstudio\zlib\Debug Library\Lib-link.write.1.tlog
E:\Works\Project\PixelGirls_DungeonWitches\lpng1614\projects\vstudio\zlib\Debug Library\lib.command.1.tlog
E:\Works\Project\PixelGirls_DungeonWitches\lpng1614\projects\vstudio\zlib\Debug Library\vc110.pdb
E:\Works\Project\PixelGirls_DungeonWitches\lpng1614\projects\vstudio\zlib\Debug Library\adler32.sbr
E:\Works\Project\PixelGirls_DungeonWitches\lpng1614\projects\vstudio\zlib\Debug Library\compress.sbr
E:\Works\Project\PixelGirls_DungeonWitches\lpng1614\projects\vstudio\zlib\Debug Library\crc32.sbr
E:\Works\Project\PixelGirls_DungeonWitches\lpng1614\projects\vstudio\zlib\Debug Library\deflate.sbr
E:\Works\Project\PixelGirls_DungeonWitches\lpng1614\projects\vstudio\zlib\Debug Library\infback.sbr
E:\Works\Project\PixelGirls_DungeonWitches\lpng1614\projects\vstudio\zlib\Debug Library\inffast.sbr
E:\Works\Project\PixelGirls_DungeonWitches\lpng1614\projects\vstudio\zlib\Debug Library\inflate.sbr
E:\Works\Project\PixelGirls_DungeonWitches\lpng1614\projects\vstudio\zlib\Debug Library\inftrees.sbr
E:\Works\Project\PixelGirls_DungeonWitches\lpng1614\projects\vstudio\zlib\Debug Library\trees.sbr
E:\Works\Project\PixelGirls_DungeonWitches\lpng1614\projects\vstudio\zlib\Debug Library\uncompr.sbr
E:\Works\Project\PixelGirls_DungeonWitches\lpng1614\projects\vstudio\zlib\Debug Library\zutil.sbr
E:\Works\Project\PixelGirls_DungeonWitches\lpng1614\projects\vstudio\Debug Library\zlib.lib
E:\Works\Project\PixelGirls_DungeonWitches\lpng1614\projects\vstudio\Debug Library\zlib.bsc
