E:\WORKS\PROJECT\PIXELGIRLS_DUNGEONWITCHES\SRC\LIBS\OPENFRAMEWORKSCOMPILED\LIB\VS\OPENFRAMEWORKSLIB_DEBUG.BSC
E:\WORKS\PROJECT\PIXELGIRLS_DUNGEONWITCHES\SRC\LIBS\OPENFRAMEWORKSCOMPILED\PROJECT\VS\OBJ\DEBUG\OFSERIAL.SBR
E:\WORKS\PROJECT\PIXELGIRLS_DUNGEONWITCHES\SRC\LIBS\OPENFRAMEWORKSCOMPILED\PROJECT\VS\OBJ\DEBUG\OFARDUINO.SBR
E:\WORKS\PROJECT\PIXELGIRLS_DUNGEONWITCHES\SRC\LIBS\OPENFRAMEWORKSCOMPILED\PROJECT\VS\OBJ\DEBUG\OFVIDEOPLAYER.SBR
E:\WORKS\PROJECT\PIXELGIRLS_DUNGEONWITCHES\SRC\LIBS\OPENFRAMEWORKSCOMPILED\PROJECT\VS\OBJ\DEBUG\OFVIDEOGRABBER.SBR
E:\WORKS\PROJECT\PIXELGIRLS_DUNGEONWITCHES\SRC\LIBS\OPENFRAMEWORKSCOMPILED\PROJECT\VS\OBJ\DEBUG\OFQUICKTIMEPLAYER.SBR
E:\WORKS\PROJECT\PIXELGIRLS_DUNGEONWITCHES\SRC\LIBS\OPENFRAMEWORKSCOMPILED\PROJECT\VS\OBJ\DEBUG\OFQUICKTIMEGRABBER.SBR
E:\WORKS\PROJECT\PIXELGIRLS_DUNGEONWITCHES\SRC\LIBS\OPENFRAMEWORKSCOMPILED\PROJECT\VS\OBJ\DEBUG\OFQTUTILS.SBR
E:\WORKS\PROJECT\PIXELGIRLS_DUNGEONWITCHES\SRC\LIBS\OPENFRAMEWORKSCOMPILED\PROJECT\VS\OBJ\DEBUG\OFDIRECTSHOWGRABBER.SBR
E:\WORKS\PROJECT\PIXELGIRLS_DUNGEONWITCHES\SRC\LIBS\OPENFRAMEWORKSCOMPILED\PROJECT\VS\OBJ\DEBUG\OFXML.SBR
E:\WORKS\PROJECT\PIXELGIRLS_DUNGEONWITCHES\SRC\LIBS\OPENFRAMEWORKSCOMPILED\PROJECT\VS\OBJ\DEBUG\OFUTILS.SBR
E:\WORKS\PROJECT\PIXELGIRLS_DUNGEONWITCHES\SRC\LIBS\OPENFRAMEWORKSCOMPILED\PROJECT\VS\OBJ\DEBUG\OFURLFILELOADER.SBR
E:\WORKS\PROJECT\PIXELGIRLS_DUNGEONWITCHES\SRC\LIBS\OPENFRAMEWORKSCOMPILED\PROJECT\VS\OBJ\DEBUG\OFTHREAD.SBR
E:\WORKS\PROJECT\PIXELGIRLS_DUNGEONWITCHES\SRC\LIBS\OPENFRAMEWORKSCOMPILED\PROJECT\VS\OBJ\DEBUG\OFSYSTEMUTILS.SBR
E:\WORKS\PROJECT\PIXELGIRLS_DUNGEONWITCHES\SRC\LIBS\OPENFRAMEWORKSCOMPILED\PROJECT\VS\OBJ\DEBUG\OFMATRIXSTACK.SBR
E:\WORKS\PROJECT\PIXELGIRLS_DUNGEONWITCHES\SRC\LIBS\OPENFRAMEWORKSCOMPILED\PROJECT\VS\OBJ\DEBUG\OFLOG.SBR
E:\WORKS\PROJECT\PIXELGIRLS_DUNGEONWITCHES\SRC\LIBS\OPENFRAMEWORKSCOMPILED\PROJECT\VS\OBJ\DEBUG\OFFILEUTILS.SBR
E:\WORKS\PROJECT\PIXELGIRLS_DUNGEONWITCHES\SRC\LIBS\OPENFRAMEWORKSCOMPILED\PROJECT\VS\OBJ\DEBUG\OFRECTANGLE.SBR
E:\WORKS\PROJECT\PIXELGIRLS_DUNGEONWITCHES\SRC\LIBS\OPENFRAMEWORKSCOMPILED\PROJECT\VS\OBJ\DEBUG\OFPARAMETERGROUP.SBR
E:\WORKS\PROJECT\PIXELGIRLS_DUNGEONWITCHES\SRC\LIBS\OPENFRAMEWORKSCOMPILED\PROJECT\VS\OBJ\DEBUG\OFPARAMETER.SBR
E:\WORKS\PROJECT\PIXELGIRLS_DUNGEONWITCHES\SRC\LIBS\OPENFRAMEWORKSCOMPILED\PROJECT\VS\OBJ\DEBUG\OFCOLOR.SBR
E:\WORKS\PROJECT\PIXELGIRLS_DUNGEONWITCHES\SRC\LIBS\OPENFRAMEWORKSCOMPILED\PROJECT\VS\OBJ\DEBUG\OFCOLOR.OBJ
E:\WORKS\PROJECT\PIXELGIRLS_DUNGEONWITCHES\SRC\LIBS\OPENFRAMEWORKSCOMPILED\PROJECT\VS\OBJ\DEBUG\OFPARAMETER.OBJ
E:\WORKS\PROJECT\PIXELGIRLS_DUNGEONWITCHES\SRC\LIBS\OPENFRAMEWORKSCOMPILED\PROJECT\VS\OBJ\DEBUG\OFPARAMETERGROUP.OBJ
E:\WORKS\PROJECT\PIXELGIRLS_DUNGEONWITCHES\SRC\LIBS\OPENFRAMEWORKSCOMPILED\PROJECT\VS\OBJ\DEBUG\OFRECTANGLE.OBJ
E:\WORKS\PROJECT\PIXELGIRLS_DUNGEONWITCHES\SRC\LIBS\OPENFRAMEWORKSCOMPILED\PROJECT\VS\OBJ\DEBUG\OFFILEUTILS.OBJ
E:\WORKS\PROJECT\PIXELGIRLS_DUNGEONWITCHES\SRC\LIBS\OPENFRAMEWORKSCOMPILED\PROJECT\VS\OBJ\DEBUG\OFLOG.OBJ
E:\WORKS\PROJECT\PIXELGIRLS_DUNGEONWITCHES\SRC\LIBS\OPENFRAMEWORKSCOMPILED\PROJECT\VS\OBJ\DEBUG\OFMATRIXSTACK.OBJ
E:\WORKS\PROJECT\PIXELGIRLS_DUNGEONWITCHES\SRC\LIBS\OPENFRAMEWORKSCOMPILED\PROJECT\VS\OBJ\DEBUG\OFSYSTEMUTILS.OBJ
E:\WORKS\PROJECT\PIXELGIRLS_DUNGEONWITCHES\SRC\LIBS\OPENFRAMEWORKSCOMPILED\PROJECT\VS\OBJ\DEBUG\OFTHREAD.OBJ
E:\WORKS\PROJECT\PIXELGIRLS_DUNGEONWITCHES\SRC\LIBS\OPENFRAMEWORKSCOMPILED\PROJECT\VS\OBJ\DEBUG\OFURLFILELOADER.OBJ
E:\WORKS\PROJECT\PIXELGIRLS_DUNGEONWITCHES\SRC\LIBS\OPENFRAMEWORKSCOMPILED\PROJECT\VS\OBJ\DEBUG\OFUTILS.OBJ
E:\WORKS\PROJECT\PIXELGIRLS_DUNGEONWITCHES\SRC\LIBS\OPENFRAMEWORKSCOMPILED\PROJECT\VS\OBJ\DEBUG\OFXML.OBJ
E:\WORKS\PROJECT\PIXELGIRLS_DUNGEONWITCHES\SRC\LIBS\OPENFRAMEWORKSCOMPILED\PROJECT\VS\OBJ\DEBUG\OFDIRECTSHOWGRABBER.OBJ
E:\WORKS\PROJECT\PIXELGIRLS_DUNGEONWITCHES\SRC\LIBS\OPENFRAMEWORKSCOMPILED\PROJECT\VS\OBJ\DEBUG\OFQTUTILS.OBJ
E:\WORKS\PROJECT\PIXELGIRLS_DUNGEONWITCHES\SRC\LIBS\OPENFRAMEWORKSCOMPILED\PROJECT\VS\OBJ\DEBUG\OFQUICKTIMEGRABBER.OBJ
E:\WORKS\PROJECT\PIXELGIRLS_DUNGEONWITCHES\SRC\LIBS\OPENFRAMEWORKSCOMPILED\PROJECT\VS\OBJ\DEBUG\OFQUICKTIMEPLAYER.OBJ
E:\WORKS\PROJECT\PIXELGIRLS_DUNGEONWITCHES\SRC\LIBS\OPENFRAMEWORKSCOMPILED\PROJECT\VS\OBJ\DEBUG\OFVIDEOGRABBER.OBJ
E:\WORKS\PROJECT\PIXELGIRLS_DUNGEONWITCHES\SRC\LIBS\OPENFRAMEWORKSCOMPILED\PROJECT\VS\OBJ\DEBUG\OFVIDEOPLAYER.OBJ
E:\WORKS\PROJECT\PIXELGIRLS_DUNGEONWITCHES\SRC\LIBS\OPENFRAMEWORKSCOMPILED\PROJECT\VS\OBJ\DEBUG\OFARDUINO.OBJ
E:\WORKS\PROJECT\PIXELGIRLS_DUNGEONWITCHES\SRC\LIBS\OPENFRAMEWORKSCOMPILED\PROJECT\VS\OBJ\DEBUG\OFSERIAL.OBJ
E:\WORKS\PROJECT\PIXELGIRLS_DUNGEONWITCHES\SRC\LIBS\OPENFRAMEWORKSCOMPILED\PROJECT\VS\OBJ\DEBUG\OFBASETYPES.SBR
E:\WORKS\PROJECT\PIXELGIRLS_DUNGEONWITCHES\SRC\LIBS\OPENFRAMEWORKSCOMPILED\PROJECT\VS\OBJ\DEBUG\OFSOUNDSTREAM.SBR
E:\WORKS\PROJECT\PIXELGIRLS_DUNGEONWITCHES\SRC\LIBS\OPENFRAMEWORKSCOMPILED\PROJECT\VS\OBJ\DEBUG\OFSOUNDPLAYER.SBR
E:\WORKS\PROJECT\PIXELGIRLS_DUNGEONWITCHES\SRC\LIBS\OPENFRAMEWORKSCOMPILED\PROJECT\VS\OBJ\DEBUG\OFRTAUDIOSOUNDSTREAM.SBR
E:\WORKS\PROJECT\PIXELGIRLS_DUNGEONWITCHES\SRC\LIBS\OPENFRAMEWORKSCOMPILED\PROJECT\VS\OBJ\DEBUG\OFFMODSOUNDPLAYER.SBR
E:\WORKS\PROJECT\PIXELGIRLS_DUNGEONWITCHES\SRC\LIBS\OPENFRAMEWORKSCOMPILED\PROJECT\VS\OBJ\DEBUG\OFVEC4F.SBR
E:\WORKS\PROJECT\PIXELGIRLS_DUNGEONWITCHES\SRC\LIBS\OPENFRAMEWORKSCOMPILED\PROJECT\VS\OBJ\DEBUG\OFVEC2F.SBR
E:\WORKS\PROJECT\PIXELGIRLS_DUNGEONWITCHES\SRC\LIBS\OPENFRAMEWORKSCOMPILED\PROJECT\VS\OBJ\DEBUG\OFQUATERNION.SBR
E:\WORKS\PROJECT\PIXELGIRLS_DUNGEONWITCHES\SRC\LIBS\OPENFRAMEWORKSCOMPILED\PROJECT\VS\OBJ\DEBUG\OFMATRIX4X4.SBR
E:\WORKS\PROJECT\PIXELGIRLS_DUNGEONWITCHES\SRC\LIBS\OPENFRAMEWORKSCOMPILED\PROJECT\VS\OBJ\DEBUG\OFMATRIX3X3.SBR
E:\WORKS\PROJECT\PIXELGIRLS_DUNGEONWITCHES\SRC\LIBS\OPENFRAMEWORKSCOMPILED\PROJECT\VS\OBJ\DEBUG\OFMATH.SBR
E:\WORKS\PROJECT\PIXELGIRLS_DUNGEONWITCHES\SRC\LIBS\OPENFRAMEWORKSCOMPILED\PROJECT\VS\OBJ\DEBUG\OFTRUETYPEFONT.SBR
E:\WORKS\PROJECT\PIXELGIRLS_DUNGEONWITCHES\SRC\LIBS\OPENFRAMEWORKSCOMPILED\PROJECT\VS\OBJ\DEBUG\OFTESSELLATOR.SBR
E:\WORKS\PROJECT\PIXELGIRLS_DUNGEONWITCHES\SRC\LIBS\OPENFRAMEWORKSCOMPILED\PROJECT\VS\OBJ\DEBUG\OFRENDERERCOLLECTION.SBR
E:\WORKS\PROJECT\PIXELGIRLS_DUNGEONWITCHES\SRC\LIBS\OPENFRAMEWORKSCOMPILED\PROJECT\VS\OBJ\DEBUG\OFPOLYLINE.SBR
E:\WORKS\PROJECT\PIXELGIRLS_DUNGEONWITCHES\SRC\LIBS\OPENFRAMEWORKSCOMPILED\PROJECT\VS\OBJ\DEBUG\OFPIXELS.SBR
E:\WORKS\PROJECT\PIXELGIRLS_DUNGEONWITCHES\SRC\LIBS\OPENFRAMEWORKSCOMPILED\PROJECT\VS\OBJ\DEBUG\OFPATH.SBR
E:\WORKS\PROJECT\PIXELGIRLS_DUNGEONWITCHES\SRC\LIBS\OPENFRAMEWORKSCOMPILED\PROJECT\VS\OBJ\DEBUG\OFIMAGE.SBR
E:\WORKS\PROJECT\PIXELGIRLS_DUNGEONWITCHES\SRC\LIBS\OPENFRAMEWORKSCOMPILED\PROJECT\VS\OBJ\DEBUG\OFGRAPHICS.SBR
E:\WORKS\PROJECT\PIXELGIRLS_DUNGEONWITCHES\SRC\LIBS\OPENFRAMEWORKSCOMPILED\PROJECT\VS\OBJ\DEBUG\OFCAIRORENDERER.SBR
E:\WORKS\PROJECT\PIXELGIRLS_DUNGEONWITCHES\SRC\LIBS\OPENFRAMEWORKSCOMPILED\PROJECT\VS\OBJ\DEBUG\OFCAIRORENDERER.OBJ
E:\WORKS\PROJECT\PIXELGIRLS_DUNGEONWITCHES\SRC\LIBS\OPENFRAMEWORKSCOMPILED\PROJECT\VS\OBJ\DEBUG\OFGRAPHICS.OBJ
E:\WORKS\PROJECT\PIXELGIRLS_DUNGEONWITCHES\SRC\LIBS\OPENFRAMEWORKSCOMPILED\PROJECT\VS\OBJ\DEBUG\OFIMAGE.OBJ
E:\WORKS\PROJECT\PIXELGIRLS_DUNGEONWITCHES\SRC\LIBS\OPENFRAMEWORKSCOMPILED\PROJECT\VS\OBJ\DEBUG\OFPATH.OBJ
E:\WORKS\PROJECT\PIXELGIRLS_DUNGEONWITCHES\SRC\LIBS\OPENFRAMEWORKSCOMPILED\PROJECT\VS\OBJ\DEBUG\OFPIXELS.OBJ
E:\WORKS\PROJECT\PIXELGIRLS_DUNGEONWITCHES\SRC\LIBS\OPENFRAMEWORKSCOMPILED\PROJECT\VS\OBJ\DEBUG\OFPOLYLINE.OBJ
E:\WORKS\PROJECT\PIXELGIRLS_DUNGEONWITCHES\SRC\LIBS\OPENFRAMEWORKSCOMPILED\PROJECT\VS\OBJ\DEBUG\OFRENDERERCOLLECTION.OBJ
E:\WORKS\PROJECT\PIXELGIRLS_DUNGEONWITCHES\SRC\LIBS\OPENFRAMEWORKSCOMPILED\PROJECT\VS\OBJ\DEBUG\OFTESSELLATOR.OBJ
E:\WORKS\PROJECT\PIXELGIRLS_DUNGEONWITCHES\SRC\LIBS\OPENFRAMEWORKSCOMPILED\PROJECT\VS\OBJ\DEBUG\OFTRUETYPEFONT.OBJ
E:\WORKS\PROJECT\PIXELGIRLS_DUNGEONWITCHES\SRC\LIBS\OPENFRAMEWORKSCOMPILED\PROJECT\VS\OBJ\DEBUG\OFMATH.OBJ
E:\WORKS\PROJECT\PIXELGIRLS_DUNGEONWITCHES\SRC\LIBS\OPENFRAMEWORKSCOMPILED\PROJECT\VS\OBJ\DEBUG\OFMATRIX3X3.OBJ
E:\WORKS\PROJECT\PIXELGIRLS_DUNGEONWITCHES\SRC\LIBS\OPENFRAMEWORKSCOMPILED\PROJECT\VS\OBJ\DEBUG\OFMATRIX4X4.OBJ
E:\WORKS\PROJECT\PIXELGIRLS_DUNGEONWITCHES\SRC\LIBS\OPENFRAMEWORKSCOMPILED\PROJECT\VS\OBJ\DEBUG\OFQUATERNION.OBJ
E:\WORKS\PROJECT\PIXELGIRLS_DUNGEONWITCHES\SRC\LIBS\OPENFRAMEWORKSCOMPILED\PROJECT\VS\OBJ\DEBUG\OFVEC2F.OBJ
E:\WORKS\PROJECT\PIXELGIRLS_DUNGEONWITCHES\SRC\LIBS\OPENFRAMEWORKSCOMPILED\PROJECT\VS\OBJ\DEBUG\OFVEC4F.OBJ
E:\WORKS\PROJECT\PIXELGIRLS_DUNGEONWITCHES\SRC\LIBS\OPENFRAMEWORKSCOMPILED\PROJECT\VS\OBJ\DEBUG\OFFMODSOUNDPLAYER.OBJ
E:\WORKS\PROJECT\PIXELGIRLS_DUNGEONWITCHES\SRC\LIBS\OPENFRAMEWORKSCOMPILED\PROJECT\VS\OBJ\DEBUG\OFRTAUDIOSOUNDSTREAM.OBJ
E:\WORKS\PROJECT\PIXELGIRLS_DUNGEONWITCHES\SRC\LIBS\OPENFRAMEWORKSCOMPILED\PROJECT\VS\OBJ\DEBUG\OFSOUNDPLAYER.OBJ
E:\WORKS\PROJECT\PIXELGIRLS_DUNGEONWITCHES\SRC\LIBS\OPENFRAMEWORKSCOMPILED\PROJECT\VS\OBJ\DEBUG\OFSOUNDSTREAM.OBJ
E:\WORKS\PROJECT\PIXELGIRLS_DUNGEONWITCHES\SRC\LIBS\OPENFRAMEWORKSCOMPILED\PROJECT\VS\OBJ\DEBUG\OFBASETYPES.OBJ
E:\WORKS\PROJECT\PIXELGIRLS_DUNGEONWITCHES\SRC\LIBS\OPENFRAMEWORKSCOMPILED\PROJECT\VS\OBJ\DEBUG\OFBITMAPFONT.SBR
E:\WORKS\PROJECT\PIXELGIRLS_DUNGEONWITCHES\SRC\LIBS\OPENFRAMEWORKSCOMPILED\PROJECT\VS\OBJ\DEBUG\OF3DGRAPHICS.SBR
E:\WORKS\PROJECT\PIXELGIRLS_DUNGEONWITCHES\SRC\LIBS\OPENFRAMEWORKSCOMPILED\PROJECT\VS\OBJ\DEBUG\OFVBOMESH.SBR
E:\WORKS\PROJECT\PIXELGIRLS_DUNGEONWITCHES\SRC\LIBS\OPENFRAMEWORKSCOMPILED\PROJECT\VS\OBJ\DEBUG\OFVBO.SBR
E:\WORKS\PROJECT\PIXELGIRLS_DUNGEONWITCHES\SRC\LIBS\OPENFRAMEWORKSCOMPILED\PROJECT\VS\OBJ\DEBUG\OFTEXTURE.SBR
E:\WORKS\PROJECT\PIXELGIRLS_DUNGEONWITCHES\SRC\LIBS\OPENFRAMEWORKSCOMPILED\PROJECT\VS\OBJ\DEBUG\OFSHADER.SBR
E:\WORKS\PROJECT\PIXELGIRLS_DUNGEONWITCHES\SRC\LIBS\OPENFRAMEWORKSCOMPILED\PROJECT\VS\OBJ\DEBUG\OFGLPROGRAMMABLERENDERER.SBR
E:\WORKS\PROJECT\PIXELGIRLS_DUNGEONWITCHES\SRC\LIBS\OPENFRAMEWORKSCOMPILED\PROJECT\VS\OBJ\DEBUG\OFMATERIAL.SBR
E:\WORKS\PROJECT\PIXELGIRLS_DUNGEONWITCHES\SRC\LIBS\OPENFRAMEWORKSCOMPILED\PROJECT\VS\OBJ\DEBUG\OFLIGHT.SBR
E:\WORKS\PROJECT\PIXELGIRLS_DUNGEONWITCHES\SRC\LIBS\OPENFRAMEWORKSCOMPILED\PROJECT\VS\OBJ\DEBUG\OFGLUTILS.SBR
E:\WORKS\PROJECT\PIXELGIRLS_DUNGEONWITCHES\SRC\LIBS\OPENFRAMEWORKSCOMPILED\PROJECT\VS\OBJ\DEBUG\OFGLRENDERER.SBR
E:\WORKS\PROJECT\PIXELGIRLS_DUNGEONWITCHES\SRC\LIBS\OPENFRAMEWORKSCOMPILED\PROJECT\VS\OBJ\DEBUG\OFFBO.SBR
E:\WORKS\PROJECT\PIXELGIRLS_DUNGEONWITCHES\SRC\LIBS\OPENFRAMEWORKSCOMPILED\PROJECT\VS\OBJ\DEBUG\OFEVENTS.SBR
E:\WORKS\PROJECT\PIXELGIRLS_DUNGEONWITCHES\SRC\LIBS\OPENFRAMEWORKSCOMPILED\PROJECT\VS\OBJ\DEBUG\OFAPPRUNNER.SBR
E:\WORKS\PROJECT\PIXELGIRLS_DUNGEONWITCHES\SRC\LIBS\OPENFRAMEWORKSCOMPILED\PROJECT\VS\OBJ\DEBUG\OFAPPNOWINDOW.SBR
E:\WORKS\PROJECT\PIXELGIRLS_DUNGEONWITCHES\SRC\LIBS\OPENFRAMEWORKSCOMPILED\PROJECT\VS\OBJ\DEBUG\OFAPPGLUTWINDOW.SBR
E:\WORKS\PROJECT\PIXELGIRLS_DUNGEONWITCHES\SRC\LIBS\OPENFRAMEWORKSCOMPILED\PROJECT\VS\OBJ\DEBUG\OFAPPGLFWWINDOW.SBR
E:\WORKS\PROJECT\PIXELGIRLS_DUNGEONWITCHES\SRC\LIBS\OPENFRAMEWORKSCOMPILED\PROJECT\VS\OBJ\DEBUG\OFNODE.SBR
E:\WORKS\PROJECT\PIXELGIRLS_DUNGEONWITCHES\SRC\LIBS\OPENFRAMEWORKSCOMPILED\PROJECT\VS\OBJ\DEBUG\OFMESH.SBR
E:\WORKS\PROJECT\PIXELGIRLS_DUNGEONWITCHES\SRC\LIBS\OPENFRAMEWORKSCOMPILED\PROJECT\VS\OBJ\DEBUG\OFEASYCAM.SBR
E:\WORKS\PROJECT\PIXELGIRLS_DUNGEONWITCHES\SRC\LIBS\OPENFRAMEWORKSCOMPILED\PROJECT\VS\OBJ\DEBUG\OFEASYCAM.OBJ
E:\WORKS\PROJECT\PIXELGIRLS_DUNGEONWITCHES\SRC\LIBS\OPENFRAMEWORKSCOMPILED\PROJECT\VS\OBJ\DEBUG\OFMESH.OBJ
E:\WORKS\PROJECT\PIXELGIRLS_DUNGEONWITCHES\SRC\LIBS\OPENFRAMEWORKSCOMPILED\PROJECT\VS\OBJ\DEBUG\OFNODE.OBJ
E:\WORKS\PROJECT\PIXELGIRLS_DUNGEONWITCHES\SRC\LIBS\OPENFRAMEWORKSCOMPILED\PROJECT\VS\OBJ\DEBUG\OFAPPGLFWWINDOW.OBJ
E:\WORKS\PROJECT\PIXELGIRLS_DUNGEONWITCHES\SRC\LIBS\OPENFRAMEWORKSCOMPILED\PROJECT\VS\OBJ\DEBUG\OFAPPGLUTWINDOW.OBJ
E:\WORKS\PROJECT\PIXELGIRLS_DUNGEONWITCHES\SRC\LIBS\OPENFRAMEWORKSCOMPILED\PROJECT\VS\OBJ\DEBUG\OFAPPNOWINDOW.OBJ
E:\WORKS\PROJECT\PIXELGIRLS_DUNGEONWITCHES\SRC\LIBS\OPENFRAMEWORKSCOMPILED\PROJECT\VS\OBJ\DEBUG\OFAPPRUNNER.OBJ
E:\WORKS\PROJECT\PIXELGIRLS_DUNGEONWITCHES\SRC\LIBS\OPENFRAMEWORKSCOMPILED\PROJECT\VS\OBJ\DEBUG\OFEVENTS.OBJ
E:\WORKS\PROJECT\PIXELGIRLS_DUNGEONWITCHES\SRC\LIBS\OPENFRAMEWORKSCOMPILED\PROJECT\VS\OBJ\DEBUG\OFFBO.OBJ
E:\WORKS\PROJECT\PIXELGIRLS_DUNGEONWITCHES\SRC\LIBS\OPENFRAMEWORKSCOMPILED\PROJECT\VS\OBJ\DEBUG\OFGLRENDERER.OBJ
E:\WORKS\PROJECT\PIXELGIRLS_DUNGEONWITCHES\SRC\LIBS\OPENFRAMEWORKSCOMPILED\PROJECT\VS\OBJ\DEBUG\OFGLUTILS.OBJ
E:\WORKS\PROJECT\PIXELGIRLS_DUNGEONWITCHES\SRC\LIBS\OPENFRAMEWORKSCOMPILED\PROJECT\VS\OBJ\DEBUG\OFLIGHT.OBJ
E:\WORKS\PROJECT\PIXELGIRLS_DUNGEONWITCHES\SRC\LIBS\OPENFRAMEWORKSCOMPILED\PROJECT\VS\OBJ\DEBUG\OFMATERIAL.OBJ
E:\WORKS\PROJECT\PIXELGIRLS_DUNGEONWITCHES\SRC\LIBS\OPENFRAMEWORKSCOMPILED\PROJECT\VS\OBJ\DEBUG\OFGLPROGRAMMABLERENDERER.OBJ
E:\WORKS\PROJECT\PIXELGIRLS_DUNGEONWITCHES\SRC\LIBS\OPENFRAMEWORKSCOMPILED\PROJECT\VS\OBJ\DEBUG\OFSHADER.OBJ
E:\WORKS\PROJECT\PIXELGIRLS_DUNGEONWITCHES\SRC\LIBS\OPENFRAMEWORKSCOMPILED\PROJECT\VS\OBJ\DEBUG\OFTEXTURE.OBJ
E:\WORKS\PROJECT\PIXELGIRLS_DUNGEONWITCHES\SRC\LIBS\OPENFRAMEWORKSCOMPILED\PROJECT\VS\OBJ\DEBUG\OFVBO.OBJ
E:\WORKS\PROJECT\PIXELGIRLS_DUNGEONWITCHES\SRC\LIBS\OPENFRAMEWORKSCOMPILED\PROJECT\VS\OBJ\DEBUG\OFVBOMESH.OBJ
E:\WORKS\PROJECT\PIXELGIRLS_DUNGEONWITCHES\SRC\LIBS\OPENFRAMEWORKSCOMPILED\PROJECT\VS\OBJ\DEBUG\OF3DGRAPHICS.OBJ
E:\WORKS\PROJECT\PIXELGIRLS_DUNGEONWITCHES\SRC\LIBS\OPENFRAMEWORKSCOMPILED\PROJECT\VS\OBJ\DEBUG\OFBITMAPFONT.OBJ
E:\WORKS\PROJECT\PIXELGIRLS_DUNGEONWITCHES\SRC\LIBS\OPENFRAMEWORKSCOMPILED\PROJECT\VS\OBJ\DEBUG\OFCAMERA.SBR
E:\WORKS\PROJECT\PIXELGIRLS_DUNGEONWITCHES\SRC\LIBS\OPENFRAMEWORKSCOMPILED\PROJECT\VS\OBJ\DEBUG\OF3DUTILS.SBR
E:\WORKS\PROJECT\PIXELGIRLS_DUNGEONWITCHES\SRC\LIBS\OPENFRAMEWORKSCOMPILED\PROJECT\VS\OBJ\DEBUG\OF3DPRIMITIVES.SBR
E:\WORKS\PROJECT\PIXELGIRLS_DUNGEONWITCHES\SRC\LIBS\OPENFRAMEWORKSCOMPILED\PROJECT\VS\OBJ\DEBUG\OF3DPRIMITIVES.OBJ
E:\WORKS\PROJECT\PIXELGIRLS_DUNGEONWITCHES\SRC\LIBS\OPENFRAMEWORKSCOMPILED\PROJECT\VS\OBJ\DEBUG\OF3DUTILS.OBJ
E:\WORKS\PROJECT\PIXELGIRLS_DUNGEONWITCHES\SRC\LIBS\OPENFRAMEWORKSCOMPILED\PROJECT\VS\OBJ\DEBUG\OFCAMERA.OBJ
E:\WORKS\PROJECT\PIXELGIRLS_DUNGEONWITCHES\SRC\LIBS\OPENFRAMEWORKSCOMPILED\PROJECT\VS\OBJ\DEBUG\VC110.PDB
E:\WORKS\PROJECT\PIXELGIRLS_DUNGEONWITCHES\SRC\LIBS\OPENFRAMEWORKSCOMPILED\LIB\VS\OPENFRAMEWORKSLIB_DEBUG.LIB
E:\Works\Project\PixelGirls_DungeonWitches\src\libs\openFrameworksCompiled\project\vs\obj\Debug\of3dGraphics.obj
E:\Works\Project\PixelGirls_DungeonWitches\src\libs\openFrameworksCompiled\project\vs\obj\Debug\of3dPrimitives.obj
E:\Works\Project\PixelGirls_DungeonWitches\src\libs\openFrameworksCompiled\project\vs\obj\Debug\of3dUtils.obj
E:\Works\Project\PixelGirls_DungeonWitches\src\libs\openFrameworksCompiled\project\vs\obj\Debug\ofAppGLFWWindow.obj
E:\Works\Project\PixelGirls_DungeonWitches\src\libs\openFrameworksCompiled\project\vs\obj\Debug\ofAppGlutWindow.obj
E:\Works\Project\PixelGirls_DungeonWitches\src\libs\openFrameworksCompiled\project\vs\obj\Debug\ofAppNoWindow.obj
E:\Works\Project\PixelGirls_DungeonWitches\src\libs\openFrameworksCompiled\project\vs\obj\Debug\ofAppRunner.obj
E:\Works\Project\PixelGirls_DungeonWitches\src\libs\openFrameworksCompiled\project\vs\obj\Debug\ofArduino.obj
E:\Works\Project\PixelGirls_DungeonWitches\src\libs\openFrameworksCompiled\project\vs\obj\Debug\ofBaseTypes.obj
E:\Works\Project\PixelGirls_DungeonWitches\src\libs\openFrameworksCompiled\project\vs\obj\Debug\ofBitmapFont.obj
E:\Works\Project\PixelGirls_DungeonWitches\src\libs\openFrameworksCompiled\project\vs\obj\Debug\ofCairoRenderer.obj
E:\Works\Project\PixelGirls_DungeonWitches\src\libs\openFrameworksCompiled\project\vs\obj\Debug\ofCamera.obj
E:\Works\Project\PixelGirls_DungeonWitches\src\libs\openFrameworksCompiled\project\vs\obj\Debug\ofColor.obj
E:\Works\Project\PixelGirls_DungeonWitches\src\libs\openFrameworksCompiled\project\vs\obj\Debug\ofDirectShowGrabber.obj
E:\Works\Project\PixelGirls_DungeonWitches\src\libs\openFrameworksCompiled\project\vs\obj\Debug\ofEasyCam.obj
E:\Works\Project\PixelGirls_DungeonWitches\src\libs\openFrameworksCompiled\project\vs\obj\Debug\ofEvents.obj
E:\Works\Project\PixelGirls_DungeonWitches\src\libs\openFrameworksCompiled\project\vs\obj\Debug\ofFbo.obj
E:\Works\Project\PixelGirls_DungeonWitches\src\libs\openFrameworksCompiled\project\vs\obj\Debug\ofFileUtils.obj
E:\Works\Project\PixelGirls_DungeonWitches\src\libs\openFrameworksCompiled\project\vs\obj\Debug\ofFmodSoundPlayer.obj
E:\Works\Project\PixelGirls_DungeonWitches\src\libs\openFrameworksCompiled\project\vs\obj\Debug\ofGLProgrammableRenderer.obj
E:\Works\Project\PixelGirls_DungeonWitches\src\libs\openFrameworksCompiled\project\vs\obj\Debug\ofGLRenderer.obj
E:\Works\Project\PixelGirls_DungeonWitches\src\libs\openFrameworksCompiled\project\vs\obj\Debug\ofGLUtils.obj
E:\Works\Project\PixelGirls_DungeonWitches\src\libs\openFrameworksCompiled\project\vs\obj\Debug\ofGraphics.obj
E:\Works\Project\PixelGirls_DungeonWitches\src\libs\openFrameworksCompiled\project\vs\obj\Debug\ofImage.obj
E:\Works\Project\PixelGirls_DungeonWitches\src\libs\openFrameworksCompiled\project\vs\obj\Debug\ofLight.obj
E:\Works\Project\PixelGirls_DungeonWitches\src\libs\openFrameworksCompiled\project\vs\obj\Debug\ofLog.obj
E:\Works\Project\PixelGirls_DungeonWitches\src\libs\openFrameworksCompiled\project\vs\obj\Debug\ofMaterial.obj
E:\Works\Project\PixelGirls_DungeonWitches\src\libs\openFrameworksCompiled\project\vs\obj\Debug\ofMath.obj
E:\Works\Project\PixelGirls_DungeonWitches\src\libs\openFrameworksCompiled\project\vs\obj\Debug\ofMatrix3x3.obj
E:\Works\Project\PixelGirls_DungeonWitches\src\libs\openFrameworksCompiled\project\vs\obj\Debug\ofMatrix4x4.obj
E:\Works\Project\PixelGirls_DungeonWitches\src\libs\openFrameworksCompiled\project\vs\obj\Debug\ofMatrixStack.obj
E:\Works\Project\PixelGirls_DungeonWitches\src\libs\openFrameworksCompiled\project\vs\obj\Debug\ofMesh.obj
E:\Works\Project\PixelGirls_DungeonWitches\src\libs\openFrameworksCompiled\project\vs\obj\Debug\ofNode.obj
E:\Works\Project\PixelGirls_DungeonWitches\src\libs\openFrameworksCompiled\project\vs\obj\Debug\ofParameter.obj
E:\Works\Project\PixelGirls_DungeonWitches\src\libs\openFrameworksCompiled\project\vs\obj\Debug\ofParameterGroup.obj
E:\Works\Project\PixelGirls_DungeonWitches\src\libs\openFrameworksCompiled\project\vs\obj\Debug\ofPath.obj
E:\Works\Project\PixelGirls_DungeonWitches\src\libs\openFrameworksCompiled\project\vs\obj\Debug\ofPixels.obj
E:\Works\Project\PixelGirls_DungeonWitches\src\libs\openFrameworksCompiled\project\vs\obj\Debug\ofPolyline.obj
E:\Works\Project\PixelGirls_DungeonWitches\src\libs\openFrameworksCompiled\project\vs\obj\Debug\ofQtUtils.obj
E:\Works\Project\PixelGirls_DungeonWitches\src\libs\openFrameworksCompiled\project\vs\obj\Debug\ofQuaternion.obj
E:\Works\Project\PixelGirls_DungeonWitches\src\libs\openFrameworksCompiled\project\vs\obj\Debug\ofQuickTimeGrabber.obj
E:\Works\Project\PixelGirls_DungeonWitches\src\libs\openFrameworksCompiled\project\vs\obj\Debug\ofQuickTimePlayer.obj
E:\Works\Project\PixelGirls_DungeonWitches\src\libs\openFrameworksCompiled\project\vs\obj\Debug\ofRectangle.obj
E:\Works\Project\PixelGirls_DungeonWitches\src\libs\openFrameworksCompiled\project\vs\obj\Debug\ofRendererCollection.obj
E:\Works\Project\PixelGirls_DungeonWitches\src\libs\openFrameworksCompiled\project\vs\obj\Debug\ofRtAudioSoundStream.obj
E:\Works\Project\PixelGirls_DungeonWitches\src\libs\openFrameworksCompiled\project\vs\obj\Debug\ofSerial.obj
E:\Works\Project\PixelGirls_DungeonWitches\src\libs\openFrameworksCompiled\project\vs\obj\Debug\ofShader.obj
E:\Works\Project\PixelGirls_DungeonWitches\src\libs\openFrameworksCompiled\project\vs\obj\Debug\ofSoundPlayer.obj
E:\Works\Project\PixelGirls_DungeonWitches\src\libs\openFrameworksCompiled\project\vs\obj\Debug\ofSoundStream.obj
E:\Works\Project\PixelGirls_DungeonWitches\src\libs\openFrameworksCompiled\project\vs\obj\Debug\ofSystemUtils.obj
E:\Works\Project\PixelGirls_DungeonWitches\src\libs\openFrameworksCompiled\project\vs\obj\Debug\ofTessellator.obj
E:\Works\Project\PixelGirls_DungeonWitches\src\libs\openFrameworksCompiled\project\vs\obj\Debug\ofTexture.obj
E:\Works\Project\PixelGirls_DungeonWitches\src\libs\openFrameworksCompiled\project\vs\obj\Debug\ofThread.obj
E:\Works\Project\PixelGirls_DungeonWitches\src\libs\openFrameworksCompiled\project\vs\obj\Debug\ofTrueTypeFont.obj
E:\Works\Project\PixelGirls_DungeonWitches\src\libs\openFrameworksCompiled\project\vs\obj\Debug\ofURLFileLoader.obj
E:\Works\Project\PixelGirls_DungeonWitches\src\libs\openFrameworksCompiled\project\vs\obj\Debug\ofUtils.obj
E:\Works\Project\PixelGirls_DungeonWitches\src\libs\openFrameworksCompiled\project\vs\obj\Debug\ofVbo.obj
E:\Works\Project\PixelGirls_DungeonWitches\src\libs\openFrameworksCompiled\project\vs\obj\Debug\ofVboMesh.obj
E:\Works\Project\PixelGirls_DungeonWitches\src\libs\openFrameworksCompiled\project\vs\obj\Debug\ofVec2f.obj
E:\Works\Project\PixelGirls_DungeonWitches\src\libs\openFrameworksCompiled\project\vs\obj\Debug\ofVec4f.obj
E:\Works\Project\PixelGirls_DungeonWitches\src\libs\openFrameworksCompiled\project\vs\obj\Debug\ofVideoGrabber.obj
E:\Works\Project\PixelGirls_DungeonWitches\src\libs\openFrameworksCompiled\project\vs\obj\Debug\ofVideoPlayer.obj
E:\Works\Project\PixelGirls_DungeonWitches\src\libs\openFrameworksCompiled\project\vs\obj\Debug\ofXml.obj
E:\Works\Project\PixelGirls_DungeonWitches\src\libs\openFrameworksCompiled\project\vs\obj\Debug\BscMake.command.1.tlog
E:\Works\Project\PixelGirls_DungeonWitches\src\libs\openFrameworksCompiled\project\vs\obj\Debug\bscmake.read.1.tlog
E:\Works\Project\PixelGirls_DungeonWitches\src\libs\openFrameworksCompiled\project\vs\obj\Debug\BscMake.write.1.tlog
E:\Works\Project\PixelGirls_DungeonWitches\src\libs\openFrameworksCompiled\project\vs\obj\Debug\cl.command.1.tlog
E:\Works\Project\PixelGirls_DungeonWitches\src\libs\openFrameworksCompiled\project\vs\obj\Debug\CL.read.1.tlog
E:\Works\Project\PixelGirls_DungeonWitches\src\libs\openFrameworksCompiled\project\vs\obj\Debug\CL.write.1.tlog
E:\Works\Project\PixelGirls_DungeonWitches\src\libs\openFrameworksCompiled\project\vs\obj\Debug\Lib-link.read.1.tlog
E:\Works\Project\PixelGirls_DungeonWitches\src\libs\openFrameworksCompiled\project\vs\obj\Debug\Lib-link.write.1.tlog
E:\Works\Project\PixelGirls_DungeonWitches\src\libs\openFrameworksCompiled\project\vs\obj\Debug\lib.command.1.tlog
E:\Works\Project\PixelGirls_DungeonWitches\src\libs\openFrameworksCompiled\project\vs\obj\Debug\vc110.idb
E:\Works\Project\PixelGirls_DungeonWitches\src\libs\openFrameworksCompiled\project\vs\obj\Debug\vc110.pdb
E:\Works\Project\PixelGirls_DungeonWitches\src\libs\openFrameworksCompiled\project\vs\obj\Debug\of3dGraphics.sbr
E:\Works\Project\PixelGirls_DungeonWitches\src\libs\openFrameworksCompiled\project\vs\obj\Debug\of3dPrimitives.sbr
E:\Works\Project\PixelGirls_DungeonWitches\src\libs\openFrameworksCompiled\project\vs\obj\Debug\of3dUtils.sbr
E:\Works\Project\PixelGirls_DungeonWitches\src\libs\openFrameworksCompiled\project\vs\obj\Debug\ofAppGLFWWindow.sbr
E:\Works\Project\PixelGirls_DungeonWitches\src\libs\openFrameworksCompiled\project\vs\obj\Debug\ofAppGlutWindow.sbr
E:\Works\Project\PixelGirls_DungeonWitches\src\libs\openFrameworksCompiled\project\vs\obj\Debug\ofAppNoWindow.sbr
E:\Works\Project\PixelGirls_DungeonWitches\src\libs\openFrameworksCompiled\project\vs\obj\Debug\ofAppRunner.sbr
E:\Works\Project\PixelGirls_DungeonWitches\src\libs\openFrameworksCompiled\project\vs\obj\Debug\ofArduino.sbr
E:\Works\Project\PixelGirls_DungeonWitches\src\libs\openFrameworksCompiled\project\vs\obj\Debug\ofBaseTypes.sbr
E:\Works\Project\PixelGirls_DungeonWitches\src\libs\openFrameworksCompiled\project\vs\obj\Debug\ofBitmapFont.sbr
E:\Works\Project\PixelGirls_DungeonWitches\src\libs\openFrameworksCompiled\project\vs\obj\Debug\ofCairoRenderer.sbr
E:\Works\Project\PixelGirls_DungeonWitches\src\libs\openFrameworksCompiled\project\vs\obj\Debug\ofCamera.sbr
E:\Works\Project\PixelGirls_DungeonWitches\src\libs\openFrameworksCompiled\project\vs\obj\Debug\ofColor.sbr
E:\Works\Project\PixelGirls_DungeonWitches\src\libs\openFrameworksCompiled\project\vs\obj\Debug\ofDirectShowGrabber.sbr
E:\Works\Project\PixelGirls_DungeonWitches\src\libs\openFrameworksCompiled\project\vs\obj\Debug\ofEasyCam.sbr
E:\Works\Project\PixelGirls_DungeonWitches\src\libs\openFrameworksCompiled\project\vs\obj\Debug\ofEvents.sbr
E:\Works\Project\PixelGirls_DungeonWitches\src\libs\openFrameworksCompiled\project\vs\obj\Debug\ofFbo.sbr
E:\Works\Project\PixelGirls_DungeonWitches\src\libs\openFrameworksCompiled\project\vs\obj\Debug\ofFileUtils.sbr
E:\Works\Project\PixelGirls_DungeonWitches\src\libs\openFrameworksCompiled\project\vs\obj\Debug\ofFmodSoundPlayer.sbr
E:\Works\Project\PixelGirls_DungeonWitches\src\libs\openFrameworksCompiled\project\vs\obj\Debug\ofGLProgrammableRenderer.sbr
E:\Works\Project\PixelGirls_DungeonWitches\src\libs\openFrameworksCompiled\project\vs\obj\Debug\ofGLRenderer.sbr
E:\Works\Project\PixelGirls_DungeonWitches\src\libs\openFrameworksCompiled\project\vs\obj\Debug\ofGLUtils.sbr
E:\Works\Project\PixelGirls_DungeonWitches\src\libs\openFrameworksCompiled\project\vs\obj\Debug\ofGraphics.sbr
E:\Works\Project\PixelGirls_DungeonWitches\src\libs\openFrameworksCompiled\project\vs\obj\Debug\ofImage.sbr
E:\Works\Project\PixelGirls_DungeonWitches\src\libs\openFrameworksCompiled\project\vs\obj\Debug\ofLight.sbr
E:\Works\Project\PixelGirls_DungeonWitches\src\libs\openFrameworksCompiled\project\vs\obj\Debug\ofLog.sbr
E:\Works\Project\PixelGirls_DungeonWitches\src\libs\openFrameworksCompiled\project\vs\obj\Debug\ofMaterial.sbr
E:\Works\Project\PixelGirls_DungeonWitches\src\libs\openFrameworksCompiled\project\vs\obj\Debug\ofMath.sbr
E:\Works\Project\PixelGirls_DungeonWitches\src\libs\openFrameworksCompiled\project\vs\obj\Debug\ofMatrix3x3.sbr
E:\Works\Project\PixelGirls_DungeonWitches\src\libs\openFrameworksCompiled\project\vs\obj\Debug\ofMatrix4x4.sbr
E:\Works\Project\PixelGirls_DungeonWitches\src\libs\openFrameworksCompiled\project\vs\obj\Debug\ofMatrixStack.sbr
E:\Works\Project\PixelGirls_DungeonWitches\src\libs\openFrameworksCompiled\project\vs\obj\Debug\ofMesh.sbr
E:\Works\Project\PixelGirls_DungeonWitches\src\libs\openFrameworksCompiled\project\vs\obj\Debug\ofNode.sbr
E:\Works\Project\PixelGirls_DungeonWitches\src\libs\openFrameworksCompiled\project\vs\obj\Debug\ofParameter.sbr
E:\Works\Project\PixelGirls_DungeonWitches\src\libs\openFrameworksCompiled\project\vs\obj\Debug\ofParameterGroup.sbr
E:\Works\Project\PixelGirls_DungeonWitches\src\libs\openFrameworksCompiled\project\vs\obj\Debug\ofPath.sbr
E:\Works\Project\PixelGirls_DungeonWitches\src\libs\openFrameworksCompiled\project\vs\obj\Debug\ofPixels.sbr
E:\Works\Project\PixelGirls_DungeonWitches\src\libs\openFrameworksCompiled\project\vs\obj\Debug\ofPolyline.sbr
E:\Works\Project\PixelGirls_DungeonWitches\src\libs\openFrameworksCompiled\project\vs\obj\Debug\ofQtUtils.sbr
E:\Works\Project\PixelGirls_DungeonWitches\src\libs\openFrameworksCompiled\project\vs\obj\Debug\ofQuaternion.sbr
E:\Works\Project\PixelGirls_DungeonWitches\src\libs\openFrameworksCompiled\project\vs\obj\Debug\ofQuickTimeGrabber.sbr
E:\Works\Project\PixelGirls_DungeonWitches\src\libs\openFrameworksCompiled\project\vs\obj\Debug\ofQuickTimePlayer.sbr
E:\Works\Project\PixelGirls_DungeonWitches\src\libs\openFrameworksCompiled\project\vs\obj\Debug\ofRectangle.sbr
E:\Works\Project\PixelGirls_DungeonWitches\src\libs\openFrameworksCompiled\project\vs\obj\Debug\ofRendererCollection.sbr
E:\Works\Project\PixelGirls_DungeonWitches\src\libs\openFrameworksCompiled\project\vs\obj\Debug\ofRtAudioSoundStream.sbr
E:\Works\Project\PixelGirls_DungeonWitches\src\libs\openFrameworksCompiled\project\vs\obj\Debug\ofSerial.sbr
E:\Works\Project\PixelGirls_DungeonWitches\src\libs\openFrameworksCompiled\project\vs\obj\Debug\ofShader.sbr
E:\Works\Project\PixelGirls_DungeonWitches\src\libs\openFrameworksCompiled\project\vs\obj\Debug\ofSoundPlayer.sbr
E:\Works\Project\PixelGirls_DungeonWitches\src\libs\openFrameworksCompiled\project\vs\obj\Debug\ofSoundStream.sbr
E:\Works\Project\PixelGirls_DungeonWitches\src\libs\openFrameworksCompiled\project\vs\obj\Debug\ofSystemUtils.sbr
E:\Works\Project\PixelGirls_DungeonWitches\src\libs\openFrameworksCompiled\project\vs\obj\Debug\ofTessellator.sbr
E:\Works\Project\PixelGirls_DungeonWitches\src\libs\openFrameworksCompiled\project\vs\obj\Debug\ofTexture.sbr
E:\Works\Project\PixelGirls_DungeonWitches\src\libs\openFrameworksCompiled\project\vs\obj\Debug\ofThread.sbr
E:\Works\Project\PixelGirls_DungeonWitches\src\libs\openFrameworksCompiled\project\vs\obj\Debug\ofTrueTypeFont.sbr
E:\Works\Project\PixelGirls_DungeonWitches\src\libs\openFrameworksCompiled\project\vs\obj\Debug\ofURLFileLoader.sbr
E:\Works\Project\PixelGirls_DungeonWitches\src\libs\openFrameworksCompiled\project\vs\obj\Debug\ofUtils.sbr
E:\Works\Project\PixelGirls_DungeonWitches\src\libs\openFrameworksCompiled\project\vs\obj\Debug\ofVbo.sbr
E:\Works\Project\PixelGirls_DungeonWitches\src\libs\openFrameworksCompiled\project\vs\obj\Debug\ofVboMesh.sbr
E:\Works\Project\PixelGirls_DungeonWitches\src\libs\openFrameworksCompiled\project\vs\obj\Debug\ofVec2f.sbr
E:\Works\Project\PixelGirls_DungeonWitches\src\libs\openFrameworksCompiled\project\vs\obj\Debug\ofVec4f.sbr
E:\Works\Project\PixelGirls_DungeonWitches\src\libs\openFrameworksCompiled\project\vs\obj\Debug\ofVideoGrabber.sbr
E:\Works\Project\PixelGirls_DungeonWitches\src\libs\openFrameworksCompiled\project\vs\obj\Debug\ofVideoPlayer.sbr
E:\Works\Project\PixelGirls_DungeonWitches\src\libs\openFrameworksCompiled\project\vs\obj\Debug\ofXml.sbr
E:\Works\Project\PixelGirls_DungeonWitches\src\libs\openFrameworksCompiled\project\vs\..\..\lib\vs\openframeworksLib_debug.lib
